<?xml version="1.0" encoding="UTF-8"?>
<!-- Generated by org.testng.reporters.JUnitReportReporter -->
<testsuite hostname="DESKTOP-T5O3M91" failures="0" tests="1" name="org.sample.CompareTwoFiles" time="1.259" errors="0" timestamp="2021-03-21T20:42:52 IST" skipped="0">
  <testcase classname="org.sample.CompareTwoFiles" name="readData" time="1.259"/>
  <system-out/>
</testsuite> <!-- org.sample.CompareTwoFiles -->
