<?xml version="1.0" encoding="UTF-8"?>
<!-- Generated by org.testng.reporters.JUnitReportReporter -->
<testsuite hostname="DESKTOP-T5O3M91" failures="0" tests="1" name="org.sample.ExcelRead" time="1.433" errors="0" timestamp="2021-03-21T20:33:00 IST" skipped="0">
  <testcase classname="org.sample.ExcelRead" name="readData" time="1.433"/>
  <system-out/>
</testsuite> <!-- org.sample.ExcelRead -->
